<?xml version="1.0" encoding="UTF-8"?>
<!-- Generated by org.testng.reporters.JUnitReportReporter -->
<testsuite hostname="del1-lhp-n72178" failures="0" tests="2" name="tests.EcommerceTest" time="38.517" errors="0" timestamp="2025-03-06T01:24:18 IST" skipped="0">
  <testcase classname="tests.EcommerceTest" name="testEcommerceFlow" time="19.677"/>
  <testcase classname="tests.EcommerceTest" name="testEcommerceFlow" time="18.840"/>
</testsuite> <!-- tests.EcommerceTest -->
